2025-08-05 07:44:45,586 - INFO: Успешное подключение к MySQL
2025-08-05 07:45:27,930 - INFO: Поиск по названию выполнен: {'keyword': 'tor'}
2025-08-05 07:45:27,931 - INFO: Успешное подключение к MongoDB
2025-08-05 07:45:54,679 - INFO: Поиск по жанру и году выполнен: {'genre_id': 1, 'genre_name': 'Action', 'year_from': 2023, 'year_to': 2025}
2025-08-05 07:45:54,680 - INFO: Успешное подключение к MongoDB
2025-08-05 07:46:16,847 - INFO: Успешное подключение к MongoDB
2025-08-05 07:46:35,222 - INFO: MySQL соединение закрыто
2025-08-05 07:46:35,290 - INFO: Mongo DB соединение закрыто
2025-08-05 07:57:52,247 - INFO: Успешное подключение к MySQL
2025-08-05 07:58:21,684 - INFO: Поиск по названию выполнен: {'keyword': 'home'}
2025-08-05 07:58:21,684 - INFO: Успешное подключение к MongoDB
2025-08-05 07:59:04,777 - INFO: Поиск по жанру и году выполнен: {'genre_id': 1, 'genre_name': 'Action', 'year_from': 2024, 'year_to': 2025}
2025-08-05 07:59:04,777 - INFO: Успешное подключение к MongoDB
2025-08-05 07:59:19,259 - INFO: Успешное подключение к MongoDB
2025-08-05 08:00:13,778 - INFO: MySQL соединение закрыто
2025-08-05 08:00:13,860 - INFO: Mongo DB соединение закрыто
2025-08-05 09:17:02,879 - INFO: Успешное подключение к MySQL
2025-08-05 09:17:38,296 - INFO: Поиск по жанру и году выполнен: {'genre_id': 2, 'genre_name': 'Animation', 'year_from': 2020, 'year_to': 2028}
2025-08-05 09:17:38,296 - INFO: Успешное подключение к MongoDB
2025-08-05 09:17:47,558 - INFO: Успешное подключение к MongoDB
2025-08-05 09:19:48,780 - INFO: Поиск по жанру и году выполнен: {'genre_id': 2, 'genre_name': 'Animation', 'year_from': 1900, 'year_to': 2028}
2025-08-05 09:19:48,780 - INFO: Успешное подключение к MongoDB
2025-08-05 09:20:07,562 - INFO: Успешное подключение к MongoDB
2025-08-05 09:55:24,971 - INFO: MySQL соединение закрыто
2025-08-05 09:55:25,028 - INFO: Mongo DB соединение закрыто
2025-08-05 09:56:04,160 - INFO: Успешное подключение к MySQL
2025-08-05 09:56:19,668 - INFO: Поиск по названию выполнен: {'keyword': 'love'}
2025-08-05 09:56:19,668 - INFO: Успешное подключение к MongoDB
2025-08-05 09:57:11,786 - INFO: Поиск по жанру и году выполнен: {'genre_id': 1, 'genre_name': 'Action', 'year_from': 1800, 'year_to': 2050}
2025-08-05 09:57:11,786 - INFO: Успешное подключение к MongoDB
2025-08-05 09:57:53,486 - INFO: Успешное подключение к MongoDB
2025-08-05 10:43:27,849 - INFO: MySQL соединение закрыто
2025-08-05 10:43:27,932 - INFO: Mongo DB соединение закрыто
2025-08-05 10:47:50,507 - INFO: Успешное подключение к MySQL
2025-08-05 10:48:07,014 - INFO: Поиск по названию выполнен: {'keyword': 'ace'}
2025-08-05 10:48:07,014 - INFO: Успешное подключение к MongoDB
2025-08-05 10:48:40,521 - INFO: Успешное подключение к MongoDB
2025-08-05 10:49:34,252 - INFO: Поиск по жанру и году выполнен: {'genre_id': 1, 'genre_name': 'Action', 'year_from': 1800, 'year_to': 3000}
2025-08-05 10:49:34,252 - INFO: Успешное подключение к MongoDB
2025-08-05 10:50:55,943 - INFO: Успешное подключение к MongoDB
2025-08-05 10:51:18,213 - INFO: Поиск по жанру и году выполнен: {'genre_id': 1, 'genre_name': 'Action', 'year_from': 0, 'year_to': 3}
2025-08-05 10:51:18,213 - INFO: Успешное подключение к MongoDB
2025-08-05 10:55:06,299 - INFO: Поиск по жанру и году выполнен: {'genre_id': 1, 'genre_name': 'Action', 'year_from': 2, 'year_to': 4}
2025-08-05 10:55:06,299 - INFO: Успешное подключение к MongoDB
2025-08-05 10:55:09,467 - INFO: MySQL соединение закрыто
2025-08-05 10:55:09,552 - INFO: Mongo DB соединение закрыто
2025-08-05 10:59:49,198 - INFO: Успешное подключение к MySQL
2025-08-05 11:00:04,746 - INFO: Поиск по названию выполнен: {'keyword': 'love'}
2025-08-05 11:00:04,746 - INFO: Успешное подключение к MongoDB
2025-08-05 11:00:19,426 - INFO: Успешное подключение к MongoDB
2025-08-05 11:00:55,657 - INFO: Успешное подключение к MongoDB
2025-08-05 11:01:21,833 - INFO: Поиск по жанру и году выполнен: {'genre_id': 1, 'genre_name': 'Action', 'year_from': 2020, 'year_to': 2025}
2025-08-05 11:01:21,834 - INFO: Успешное подключение к MongoDB
2025-08-05 11:01:29,327 - INFO: Успешное подключение к MongoDB
2025-08-05 11:04:55,467 - INFO: MySQL соединение закрыто
2025-08-05 11:04:55,544 - INFO: Mongo DB соединение закрыто
2025-08-05 11:06:50,549 - INFO: Успешное подключение к MySQL
2025-08-05 11:07:07,359 - INFO: Поиск по названию выполнен: {'keyword': 'leo'}
2025-08-05 11:07:07,359 - INFO: Успешное подключение к MongoDB
2025-08-05 11:07:29,299 - INFO: Поиск по жанру и году выполнен: {'genre_id': 1, 'genre_name': 'Action', 'year_from': 2020, 'year_to': 2023}
2025-08-05 11:07:29,299 - INFO: Успешное подключение к MongoDB
2025-08-05 11:07:31,681 - INFO: Успешное подключение к MongoDB
2025-08-05 11:08:24,279 - INFO: MySQL соединение закрыто
2025-08-05 11:08:24,341 - INFO: Mongo DB соединение закрыто
2025-08-05 11:15:36,841 - INFO: Успешное подключение к MySQL
2025-08-05 11:15:59,871 - INFO: Поиск по названию выполнен: {'keyword': 'ace'}
2025-08-05 11:15:59,872 - INFO: Успешное подключение к MongoDB
2025-08-05 11:16:21,650 - INFO: Поиск по жанру и году выполнен: {'genre_id': 1, 'genre_name': 'Action', 'year_from': 2020, 'year_to': 2025}
2025-08-05 11:16:21,650 - INFO: Успешное подключение к MongoDB
2025-08-05 11:16:24,781 - INFO: Успешное подключение к MongoDB
2025-08-05 11:16:49,810 - INFO: MySQL соединение закрыто
2025-08-05 11:16:49,873 - INFO: Mongo DB соединение закрыто
2025-08-05 11:17:04,223 - INFO: Успешное подключение к MySQL
2025-08-05 11:17:18,392 - INFO: Успешное подключение к MongoDB
2025-08-05 11:17:56,930 - INFO: MySQL соединение закрыто
2025-08-05 11:17:57,013 - INFO: Mongo DB соединение закрыто
2025-08-05 11:25:13,086 - INFO: Успешное подключение к MySQL
2025-08-05 11:25:26,214 - INFO: Поиск по названию выполнен: {'keyword': 'ace'}
2025-08-05 11:25:26,214 - INFO: Успешное подключение к MongoDB
2025-08-05 11:26:37,049 - INFO: Поиск по жанру и году выполнен: {'genre_id': 1, 'genre_name': 'Action', 'year_from': 2024, 'year_to': 2024}
2025-08-05 11:26:37,049 - INFO: Успешное подключение к MongoDB
2025-08-05 11:26:42,678 - INFO: Успешное подключение к MongoDB
2025-08-05 11:27:29,671 - INFO: MySQL соединение закрыто
2025-08-05 11:27:29,744 - INFO: Mongo DB соединение закрыто
2025-08-05 11:40:22,718 - INFO: Успешное подключение к MySQL
2025-08-05 11:40:34,741 - INFO: Поиск по названию выполнен: {'keyword': 'ace'}
2025-08-05 11:40:34,741 - INFO: Успешное подключение к MongoDB
2025-08-05 11:40:55,888 - INFO: Поиск по жанру и году выполнен: {'genre_id': 1, 'genre_name': 'Action', 'year_from': 2020, 'year_to': 2025}
2025-08-05 11:40:55,888 - INFO: Успешное подключение к MongoDB
2025-08-05 11:40:59,057 - INFO: Успешное подключение к MongoDB
2025-08-05 11:41:12,255 - INFO: MySQL соединение закрыто
2025-08-05 11:41:12,333 - INFO: Mongo DB соединение закрыто
2025-08-05 11:46:56,913 - INFO: Успешное подключение к MySQL
2025-08-05 11:47:05,945 - INFO: Поиск по названию выполнен: {'keyword': 'ace'}
2025-08-05 11:47:05,945 - INFO: Успешное подключение к MongoDB
2025-08-05 11:47:39,888 - INFO: Поиск по жанру и году выполнен: {'genre_id': 1, 'genre_name': 'Action', 'year_from': 1990, 'year_to': 2020}
2025-08-05 11:47:39,889 - INFO: Успешное подключение к MongoDB
2025-08-05 11:47:48,112 - INFO: Успешное подключение к MongoDB
2025-08-05 11:48:01,238 - INFO: MySQL соединение закрыто
2025-08-05 11:48:01,285 - INFO: Mongo DB соединение закрыто
2025-08-05 11:56:08,088 - INFO: Успешное подключение к MySQL
2025-08-05 11:56:21,545 - INFO: Поиск по названию выполнен: {'keyword': 'lov'}
2025-08-05 11:56:21,545 - INFO: Успешное подключение к MongoDB
2025-08-05 11:56:49,633 - INFO: Поиск по жанру и году выполнен: {'genre_id': 1, 'genre_name': 'Action', 'year_from': 2020, 'year_to': 2025}
2025-08-05 11:56:49,633 - INFO: Успешное подключение к MongoDB
2025-08-05 11:56:55,544 - INFO: Успешное подключение к MongoDB
2025-08-05 11:57:05,382 - INFO: MySQL соединение закрыто
2025-08-05 11:57:05,437 - INFO: Mongo DB соединение закрыто
2025-08-05 12:54:31,153 - INFO: Успешное подключение к MySQL
2025-08-05 12:54:55,641 - INFO: Поиск по названию выполнен: {'keyword': 'home'}
2025-08-05 12:54:55,642 - INFO: Успешное подключение к MongoDB
2025-08-05 12:55:20,279 - INFO: Поиск по жанру и году выполнен: {'genre_id': 1, 'genre_name': 'Action', 'year_from': 2023, 'year_to': 2025}
2025-08-05 12:55:20,280 - INFO: Успешное подключение к MongoDB
2025-08-05 12:55:27,113 - INFO: Успешное подключение к MongoDB
2025-08-05 12:55:27,181 - DEBUG: Получено записей из MongoDB: 34
2025-08-05 12:56:23,264 - INFO: Поиск по названию выполнен: {'keyword': 'рвв'}
2025-08-05 12:56:23,264 - INFO: Успешное подключение к MongoDB
2025-08-05 12:57:01,433 - INFO: Поиск по названию выполнен: {'keyword': 'fuc'}
2025-08-05 12:57:01,433 - INFO: Успешное подключение к MongoDB
2025-08-05 12:57:22,042 - INFO: Поиск по названию выполнен: {'keyword': 'duc'}
2025-08-05 12:57:22,042 - INFO: Успешное подключение к MongoDB
2025-08-05 12:57:33,421 - INFO: Успешное подключение к MongoDB
2025-08-05 12:58:29,837 - INFO: Поиск по жанру и году выполнен: {'genre_id': 11, 'genre_name': 'Horror', 'year_from': 2001, 'year_to': 2001}
2025-08-05 12:58:29,838 - INFO: Успешное подключение к MongoDB
2025-08-05 12:58:34,992 - INFO: Успешное подключение к MongoDB
2025-08-05 12:58:35,085 - DEBUG: Получено записей из MongoDB: 39
2025-08-05 12:58:47,791 - INFO: MySQL соединение закрыто
2025-08-05 12:58:47,849 - INFO: Mongo DB соединение закрыто
2025-08-06 08:16:07,365 - INFO: Успешное подключение к MySQL
2025-08-06 08:17:07,568 - INFO: Поиск по названию выполнен: {'keyword': 'ace'}
2025-08-06 08:17:07,569 - INFO: Успешное подключение к MongoDB
2025-08-06 08:17:21,662 - INFO: Поиск по названию выполнен: {'keyword': 'got'}
2025-08-06 08:17:21,665 - INFO: Успешное подключение к MongoDB
2025-08-06 08:17:53,639 - INFO: Поиск по названию выполнен: {'keyword': 'fat'}
2025-08-06 08:17:53,639 - INFO: Успешное подключение к MongoDB
2025-08-06 08:18:21,100 - INFO: Поиск по названию выполнен: {'keyword': 'home'}
2025-08-06 08:18:21,100 - INFO: Успешное подключение к MongoDB
2025-08-06 08:19:20,317 - INFO: Поиск по названию выполнен: {'keyword': 'tor'}
2025-08-06 08:19:20,317 - INFO: Успешное подключение к MongoDB
2025-08-06 08:19:22,725 - INFO: MySQL соединение закрыто
2025-08-06 08:19:22,804 - INFO: Mongo DB соединение закрыто
2025-08-06 08:20:18,659 - INFO: Успешное подключение к MySQL
2025-08-06 08:21:19,519 - INFO: Поиск по названию выполнен: {'keyword': 'love'}
2025-08-06 08:21:19,520 - INFO: Успешное подключение к MongoDB
2025-08-06 08:22:16,907 - INFO: Поиск по жанру и году выполнен: {'genre_id': 2, 'genre_name': 'Animation', 'year_from': 2020, 'year_to': 2025}
2025-08-06 08:22:16,907 - INFO: Успешное подключение к MongoDB
2025-08-06 08:22:20,635 - INFO: Успешное подключение к MongoDB
2025-08-06 08:22:20,708 - DEBUG: Получено записей из MongoDB: 46
2025-08-06 08:23:23,711 - INFO: MySQL соединение закрыто
2025-08-06 08:23:23,779 - INFO: Mongo DB соединение закрыто
2025-08-06 13:31:02,461 - INFO: Успешное подключение к MySQL
2025-08-06 13:34:41,537 - INFO: Успешное подключение к MySQL
2025-08-06 13:45:50,289 - INFO: Успешное подключение к MySQL
2025-08-06 13:46:00,332 - INFO: Поиск по названию выполнен: {'keyword': 'ace'}
2025-08-06 13:46:00,333 - INFO: Успешное подключение к MongoDB
2025-08-06 13:46:02,717 - INFO: MySQL соединение закрыто
2025-08-06 13:46:02,781 - INFO: Mongo DB соединение закрыто
2025-08-06 16:00:49,831 - INFO: Успешное подключение к MySQL
2025-08-06 16:02:02,613 - INFO: Поиск по названию выполнен: {'keyword': 'home'}
2025-08-06 16:02:02,613 - INFO: Успешное подключение к MongoDB
2025-08-06 16:05:50,083 - INFO: Поиск по жанру и году выполнен: {'genre_id': 2, 'genre_name': 'Animation', 'year_from': 2020, 'year_to': 2025}
2025-08-06 16:05:50,083 - INFO: Успешное подключение к MongoDB
2025-08-06 16:06:21,358 - INFO: Успешное подключение к MongoDB
2025-08-06 16:06:21,437 - DEBUG: Получено записей из MongoDB: 60
2025-08-06 18:01:04,904 - INFO: MySQL соединение закрыто
2025-08-06 18:01:04,995 - INFO: Mongo DB соединение закрыто
2025-08-06 20:42:59,457 - INFO: Успешное подключение к MySQL
2025-08-06 20:43:07,922 - INFO: Поиск по названию выполнен: {'keyword': 'love'}
2025-08-06 20:43:07,922 - INFO: Успешное подключение к MongoDB
2025-08-06 20:45:15,866 - INFO: Успешное подключение к MongoDB
2025-08-06 20:45:50,895 - INFO: Поиск по жанру и году выполнен: {'genre_id': 1, 'genre_name': 'Action', 'year_from': 2020, 'year_to': 2025}
2025-08-06 20:45:50,896 - INFO: Успешное подключение к MongoDB
2025-08-06 20:45:58,557 - INFO: Успешное подключение к MongoDB
2025-08-06 20:45:58,646 - DEBUG: Получено записей из MongoDB: 68
2025-08-06 20:47:26,886 - INFO: MySQL соединение закрыто
2025-08-06 20:47:27,242 - INFO: Mongo DB соединение закрыто
2025-08-07 09:03:12,891 - INFO: Успешное подключение к MySQL
2025-08-07 09:03:49,310 - INFO: Поиск по названию выполнен: {'keyword': 'home'}
2025-08-07 09:03:49,310 - INFO: Успешное подключение к MongoDB
2025-08-07 09:05:12,386 - INFO: Поиск по жанру и году выполнен: {'genre_id': 1, 'genre_name': 'Action', 'year_from': 2023, 'year_to': 2023}
2025-08-07 09:05:12,386 - INFO: Успешное подключение к MongoDB
2025-08-07 09:05:19,917 - INFO: Успешное подключение к MongoDB
2025-08-07 09:05:19,981 - DEBUG: Получено записей из MongoDB: 70
2025-08-07 09:05:33,974 - INFO: MySQL соединение закрыто
2025-08-07 09:05:34,046 - INFO: Mongo DB соединение закрыто
2025-08-07 09:06:09,688 - INFO: Успешное подключение к MySQL
2025-08-07 09:06:24,252 - INFO: Поиск по названию выполнен: {'keyword': '159'}
2025-08-07 09:06:24,253 - INFO: Успешное подключение к MongoDB
2025-08-07 09:06:55,138 - INFO: Поиск по названию выполнен: {'keyword': 'ace'}
2025-08-07 09:06:55,138 - INFO: Успешное подключение к MongoDB
2025-08-07 09:07:09,598 - INFO: Успешное подключение к MongoDB
2025-08-07 09:07:27,815 - INFO: Успешное подключение к MongoDB
2025-08-07 09:08:31,205 - INFO: Поиск по жанру и году выполнен: {'genre_id': 11, 'genre_name': 'Horror', 'year_from': 2020, 'year_to': 2025}
2025-08-07 09:08:31,205 - INFO: Успешное подключение к MongoDB
2025-08-07 09:08:42,979 - INFO: Успешное подключение к MongoDB
2025-08-07 09:08:43,030 - DEBUG: Получено записей из MongoDB: 75
2025-08-07 09:08:56,678 - INFO: MySQL соединение закрыто
2025-08-07 09:08:56,724 - INFO: Mongo DB соединение закрыто
